Using pre-set license
Built from '6000.0/release' branch; Version is '6000.0.45f1 (d91bd3d4e081) revision 14228435'; Using compiler version '193933523'; Build Type 'Release'
OS: 'Windows 11  (10.0.26100) 64bit Core' Language: 'ja' Physical Memory: 16205 MB
BatchMode: 1, IsHumanControllingUs: 0, StartBugReporterOnCrash: 0, Is64bit: 1, IsPro: 1

COMMAND LINE ARGUMENTS:
C:\Program Files\Unity\Hub\Editor\6000.0.45f1\Editor\Unity.exe
-adb2
-batchMode
-noUpm
-name
AssetImportWorker2
-projectPath
D:/Unity/Arrow Shot
-logFile
Logs/AssetImportWorker2.log
-srvPort
54028
-job-worker-count
5
-background-job-worker-count
8
-gc-helper-count
1
Successfully changed project path to: D:/Unity/Arrow Shot
D:/Unity/Arrow Shot
[UnityMemory] Configuration Parameters - Can be set up in boot.config
    "memorysetup-bucket-allocator-granularity=16"
    "memorysetup-bucket-allocator-bucket-count=8"
    "memorysetup-bucket-allocator-block-size=33554432"
    "memorysetup-bucket-allocator-block-count=8"
    "memorysetup-main-allocator-block-size=16777216"
    "memorysetup-thread-allocator-block-size=16777216"
    "memorysetup-gfx-main-allocator-block-size=16777216"
    "memorysetup-gfx-thread-allocator-block-size=16777216"
    "memorysetup-cache-allocator-block-size=4194304"
    "memorysetup-typetree-allocator-block-size=2097152"
    "memorysetup-profiler-bucket-allocator-granularity=16"
    "memorysetup-profiler-bucket-allocator-bucket-count=8"
    "memorysetup-profiler-bucket-allocator-block-size=33554432"
    "memorysetup-profiler-bucket-allocator-block-count=8"
    "memorysetup-profiler-allocator-block-size=16777216"
    "memorysetup-profiler-editor-allocator-block-size=1048576"
    "memorysetup-temp-allocator-size-main=16777216"
    "memorysetup-job-temp-allocator-block-size=2097152"
    "memorysetup-job-temp-allocator-block-size-background=1048576"
    "memorysetup-job-temp-allocator-reduction-small-platforms=262144"
    "memorysetup-allocator-temp-initial-block-size-main=262144"
    "memorysetup-allocator-temp-initial-block-size-worker=262144"
    "memorysetup-temp-allocator-size-background-worker=32768"
    "memorysetup-temp-allocator-size-job-worker=262144"
    "memorysetup-temp-allocator-size-preload-manager=33554432"
    "memorysetup-temp-allocator-size-nav-mesh-worker=65536"
    "memorysetup-temp-allocator-size-audio-worker=65536"
    "memorysetup-temp-allocator-size-cloud-worker=32768"
    "memorysetup-temp-allocator-size-gi-baking-worker=262144"
    "memorysetup-temp-allocator-size-gi-baking-worker=262144"
    "memorysetup-temp-allocator-size-gi-baking-worker=262144"
    "memorysetup-temp-allocator-size-gi-baking-worker=262144"
    "memorysetup-temp-allocator-size-gi-baking-worker=262144"
    "memorysetup-temp-allocator-size-gfx=262144"
Player connection [17352]  Target information:

Player connection [17352]  * "[IP] 192.168.2.101 [Port] 0 [Flags] 2 [Guid] 4156454734 [EditorId] 4156454734 [Version] 1048832 [Id] WindowsEditor(7,MSI) [Debug] 1 [PackageName] WindowsEditor [ProjectName] Editor" 

Player connection [17352] Host joined multi-casting on [225.0.0.222:54997]...
Player connection [17352] Host joined alternative multi-casting on [225.0.0.222:34997]...
JobSystem: Creating JobQueue using job-worker-count value 5
Input System module state changed to: Initialized.
[Physics::Module] Initialized fallback backend.
[Physics::Module] Id: 0xdecafbad
Library Redirect Path: Library/
[Physics::Module] Selected backend.
[Physics::Module] Name: PhysX
[Physics::Module] Id: 0xf2b8ea05
[Physics::Module] SDK Version: 4.1.2
[Physics::Module] Integration Version: 1.0.0
[Physics::Module] Threading Mode: Multi-Threaded
Refreshing native plugins compatible for Editor in 1.44 ms, found 3 plugins.
Preloading 0 native plugins for Editor in 0.00 ms.
Initialize engine version: 6000.0.45f1 (d91bd3d4e081)
[Subsystems] Discovering subsystems at path C:/Program Files/Unity/Hub/Editor/6000.0.45f1/Editor/Data/Resources/UnitySubsystems
[Subsystems] Discovering subsystems at path D:/Unity/Arrow Shot/Assets
GfxDevice: creating device client; kGfxThreadingModeNonThreaded
Direct3D:
    Version:  Direct3D 11.0 [level 11.1]
    Renderer: NVIDIA GeForce GTX 1650 with Max-Q Design (ID=0x1f99)
    Vendor:   NVIDIA
    VRAM:     3937 MB
    Driver:   31.0.15.5123
Initialize mono
Mono path[0] = 'C:/Program Files/Unity/Hub/Editor/6000.0.45f1/Editor/Data/Managed'
Mono path[1] = 'C:/Program Files/Unity/Hub/Editor/6000.0.45f1/Editor/Data/MonoBleedingEdge/lib/mono/unityjit-win32'
Mono config path = 'C:/Program Files/Unity/Hub/Editor/6000.0.45f1/Editor/Data/MonoBleedingEdge/etc'
Using monoOptions --debugger-agent=transport=dt_socket,embedding=1,server=y,suspend=n,address=127.0.0.1:56264
Begin MonoManager ReloadAssembly
Registering precompiled unity dll's ...
Register platform support module: C:/Program Files/Unity/Hub/Editor/6000.0.45f1/Editor/Data/PlaybackEngines/WebGLSupport/UnityEditor.WebGL.Extensions.dll
Register platform support module: C:/Program Files/Unity/Hub/Editor/6000.0.45f1/Editor/Data/PlaybackEngines/WindowsStandaloneSupport/UnityEditor.WindowsStandalone.Extensions.dll
Register platform support module: C:/Program Files/Unity/Hub/Editor/6000.0.45f1/Editor/Data/PlaybackEngines/AndroidPlayer/UnityEditor.Android.Extensions.dll
Register platform support module: C:/Program Files/Unity/Hub/Editor/6000.0.45f1/Editor/Data/PlaybackEngines/iOSSupport/UnityEditor.iOS.Extensions.dll
Registered in 0.005491 seconds.
- Loaded All Assemblies, in  0.482 seconds
[usbmuxd] Start listen thread
[usbmuxd] Listen thread started
[usbmuxd] Send listen message
Native extension for iOS target not found
Native extension for Android target not found
Android Extension - Scanning For ADB Devices 179 ms
Native extension for WindowsStandalone target not found
Native extension for WebGL target not found
Mono: successfully reloaded assembly
- Finished resetting the current domain, in  0.520 seconds
Domain Reload Profiling: 999ms
	BeginReloadAssembly (218ms)
		ExecutionOrderSort (0ms)
		DisableScriptedObjects (0ms)
		BackupInstance (0ms)
		ReleaseScriptingObjects (0ms)
		CreateAndSetChildDomain (1ms)
	RebuildCommonClasses (36ms)
	RebuildNativeTypeToScriptingClass (12ms)
	initialDomainReloadingComplete (50ms)
	LoadAllAssembliesAndSetupDomain (162ms)
		LoadAssemblies (122ms)
		RebuildTransferFunctionScriptingTraits (0ms)
		AnalyzeDomain (159ms)
			TypeCache.Refresh (157ms)
				TypeCache.ScanAssembly (143ms)
			BuildScriptInfoCaches (0ms)
			ResolveRequiredComponents (0ms)
	FinalizeReload (520ms)
		ReleaseScriptCaches (0ms)
		RebuildScriptCaches (0ms)
		SetupLoadedEditorAssemblies (477ms)
			LogAssemblyErrors (0ms)
			InitializePlatformSupportModulesInManaged (266ms)
			SetLoadedEditorAssemblies (3ms)
			BeforeProcessingInitializeOnLoad (49ms)
			ProcessInitializeOnLoadAttributes (105ms)
			ProcessInitializeOnLoadMethodAttributes (54ms)
			AfterProcessingInitializeOnLoad (0ms)
			EditorAssembliesLoaded (0ms)
		ExecutionOrderSort2 (0ms)
		AwakeInstancesAfterBackupRestoration (0ms)
========================================================================
Worker process is ready to serve import requests
Import Worker Mode flag is 0x00
Begin MonoManager ReloadAssembly
- Loaded All Assemblies, in  0.706 seconds
Refreshing native plugins compatible for Editor in 0.71 ms, found 3 plugins.
Native extension for iOS target not found
Native extension for Android target not found
Native extension for WindowsStandalone target not found
Native extension for WebGL target not found
Mono: successfully reloaded assembly
- Finished resetting the current domain, in  0.701 seconds
Domain Reload Profiling: 1405ms
	BeginReloadAssembly (161ms)
		ExecutionOrderSort (0ms)
		DisableScriptedObjects (6ms)
		BackupInstance (0ms)
		ReleaseScriptingObjects (0ms)
		CreateAndSetChildDomain (27ms)
	RebuildCommonClasses (41ms)
	RebuildNativeTypeToScriptingClass (12ms)
	initialDomainReloadingComplete (37ms)
	LoadAllAssembliesAndSetupDomain (452ms)
		LoadAssemblies (305ms)
		RebuildTransferFunctionScriptingTraits (0ms)
		AnalyzeDomain (239ms)
			TypeCache.Refresh (184ms)
				TypeCache.ScanAssembly (167ms)
			BuildScriptInfoCaches (43ms)
			ResolveRequiredComponents (9ms)
	FinalizeReload (702ms)
		ReleaseScriptCaches (0ms)
		RebuildScriptCaches (0ms)
		SetupLoadedEditorAssemblies (537ms)
			LogAssemblyErrors (0ms)
			InitializePlatformSupportModulesInManaged (15ms)
			SetLoadedEditorAssemblies (3ms)
			BeforeProcessingInitializeOnLoad (98ms)
			ProcessInitializeOnLoadAttributes (331ms)
			ProcessInitializeOnLoadMethodAttributes (84ms)
			AfterProcessingInitializeOnLoad (6ms)
			EditorAssembliesLoaded (0ms)
		ExecutionOrderSort2 (0ms)
		AwakeInstancesAfterBackupRestoration (5ms)
Launched and connected shader compiler UnityShaderCompiler.exe after 0.02 seconds
Refreshing native plugins compatible for Editor in 0.77 ms, found 3 plugins.
Preloading 0 native plugins for Editor in 0.00 ms.
Unloading 198 Unused Serialized files (Serialized files now loaded: 0)
Unloading 5968 unused Assets / (6.5 MB). Loaded Objects now: 6612.
Memory consumption went from 155.7 MB to 149.2 MB.
Total: 8.171000 ms (FindLiveObjects: 0.649400 ms CreateObjectMapping: 0.896800 ms MarkObjects: 3.642000 ms  DeleteObjects: 2.982300 ms)

========================================================================
Received Import Request.
  Time since last request: 37327.119272 seconds.
  path: Assets/_Scenes
  artifactKey: Guid(66808f3c04ff2864194e296569f8ee07) Importer(815301076,1909f56bfc062723c751e8b465ee728b)
Start importing Assets/_Scenes using Guid(66808f3c04ff2864194e296569f8ee07) Importer(815301076,1909f56bfc062723c751e8b465ee728b) (PreviewImporter) -> (artifact id: '8abc8701f24d5f1776609e509b9020ba') in 0.0047186 seconds
Number of updated asset objects reloaded before import = 0Number of asset objects unloaded after import = 0

========================================================================
Received Import Request.
  Time since last request: 0.942853 seconds.
  path: Assets/_Scenes
  artifactKey: Guid(66808f3c04ff2864194e296569f8ee07) Importer(2089858483,192608db42251d675da83286b1cce702)
Start importing Assets/_Scenes using Guid(66808f3c04ff2864194e296569f8ee07) Importer(2089858483,192608db42251d675da83286b1cce702) (ScriptedImporter) -> (artifact id: '5e4bec0c3a3373922bbb234592b1a7d9') in 0.1360394 seconds
Number of updated asset objects reloaded before import = 0Number of asset objects unloaded after import = 1

========================================================================
Received Import Request.
  Time since last request: 3.201876 seconds.
  path: Assets/_Scenes/GameScene.unity
  artifactKey: Guid(e2db9011959bf974080d0d1540b20594) Importer(2089858483,192608db42251d675da83286b1cce702)
Start importing Assets/_Scenes/GameScene.unity using Guid(e2db9011959bf974080d0d1540b20594) Importer(2089858483,192608db42251d675da83286b1cce702) (ScriptedImporter) -> (artifact id: 'af85d12482695128b992952de4711420') in 0.0239075 seconds
Number of updated asset objects reloaded before import = 0Number of asset objects unloaded after import = 1

========================================================================
Received Import Request.
  Time since last request: 7.233153 seconds.
  path: Assets/_Scripts
  artifactKey: Guid(9fccabfe747df174399aea2880849723) Importer(815301076,1909f56bfc062723c751e8b465ee728b)
Start importing Assets/_Scripts using Guid(9fccabfe747df174399aea2880849723) Importer(815301076,1909f56bfc062723c751e8b465ee728b) (PreviewImporter) -> (artifact id: '58acd1f0a7814a08309b88770cfb43a8') in 0.0005383 seconds
Number of updated asset objects reloaded before import = 0Number of asset objects unloaded after import = 0

========================================================================
Received Import Request.
  Time since last request: 0.946374 seconds.
  path: Assets/_Scripts
  artifactKey: Guid(9fccabfe747df174399aea2880849723) Importer(2089858483,192608db42251d675da83286b1cce702)
Start importing Assets/_Scripts using Guid(9fccabfe747df174399aea2880849723) Importer(2089858483,192608db42251d675da83286b1cce702) (ScriptedImporter) -> (artifact id: 'dd605499653e54fd5976af8db816c4e4') in 0.0126107 seconds
Number of updated asset objects reloaded before import = 0Number of asset objects unloaded after import = 1

========================================================================
Received Import Request.
  Time since last request: 9.071220 seconds.
  path: Assets/_Public
  artifactKey: Guid(425b8bae05158064f8d5d1854e866b72) Importer(815301076,1909f56bfc062723c751e8b465ee728b)
Start importing Assets/_Public using Guid(425b8bae05158064f8d5d1854e866b72) Importer(815301076,1909f56bfc062723c751e8b465ee728b) (PreviewImporter) -> (artifact id: '89e07ed7dcb750d252e8e29282b98dad') in 0.0007832 seconds
Number of updated asset objects reloaded before import = 0Number of asset objects unloaded after import = 0

========================================================================
Received Import Request.
  Time since last request: 0.947091 seconds.
  path: Assets/_Public
  artifactKey: Guid(425b8bae05158064f8d5d1854e866b72) Importer(2089858483,192608db42251d675da83286b1cce702)
Start importing Assets/_Public using Guid(425b8bae05158064f8d5d1854e866b72) Importer(2089858483,192608db42251d675da83286b1cce702) (ScriptedImporter) -> (artifact id: '7af30e9dcc9727fc6c918accddfbef66') in 0.0097942 seconds
Number of updated asset objects reloaded before import = 0Number of asset objects unloaded after import = 1

========================================================================
Received Import Request.
  Time since last request: 327.053918 seconds.
  path: Assets/New Folder
  artifactKey: Guid(3a8b9af26f68a9c42acaca0b4511421b) Importer(815301076,1909f56bfc062723c751e8b465ee728b)
Start importing Assets/New Folder using Guid(3a8b9af26f68a9c42acaca0b4511421b) Importer(815301076,1909f56bfc062723c751e8b465ee728b) (PreviewImporter) -> (artifact id: '80824194a8145ba78ce2c453d984c779') in 0.0008771 seconds
Number of updated asset objects reloaded before import = 0Number of asset objects unloaded after import = 0

========================================================================
Received Import Request.
  Time since last request: 0.942919 seconds.
  path: Assets/New Folder
  artifactKey: Guid(3a8b9af26f68a9c42acaca0b4511421b) Importer(2089858483,192608db42251d675da83286b1cce702)
Start importing Assets/New Folder using Guid(3a8b9af26f68a9c42acaca0b4511421b) Importer(2089858483,192608db42251d675da83286b1cce702) (ScriptedImporter) -> (artifact id: '58dd3d50df688a61d91490fc191f79e8') in 0.010711 seconds
Number of updated asset objects reloaded before import = 0Number of asset objects unloaded after import = 1

========================================================================
Received Import Request.
  Time since last request: 848.060724 seconds.
  path: Assets/Settings/DefaultVolumeProfile.asset
  artifactKey: Guid(ab09877e2e707104187f6f83e2f62510) Importer(2089858483,192608db42251d675da83286b1cce702)
Start importing Assets/Settings/DefaultVolumeProfile.asset using Guid(ab09877e2e707104187f6f83e2f62510) Importer(2089858483,192608db42251d675da83286b1cce702) (ScriptedImporter) -> (artifact id: 'bfb92079dd35411e73ff9d4fd0014148') in 0.1264674 seconds
Number of updated asset objects reloaded before import = 20Number of asset objects unloaded after import = 0

========================================================================
Received Import Request.
  Time since last request: 592.027306 seconds.
  path: Assets/Stylized Nature Environment/Nature/foliage07-b.psd
  artifactKey: Guid(03867b1f38d354c43aa1ac903bce5b71) Importer(2089858483,192608db42251d675da83286b1cce702)
Start importing Assets/Stylized Nature Environment/Nature/foliage07-b.psd using Guid(03867b1f38d354c43aa1ac903bce5b71) Importer(2089858483,192608db42251d675da83286b1cce702) (ScriptedImporter) -> (artifact id: 'c0ed0fb3b01d871f6fd9fba95ccdeb7c') in 0.0786608 seconds
Number of updated asset objects reloaded before import = 0Number of asset objects unloaded after import = 1

========================================================================
Received Import Request.
  Time since last request: 0.000022 seconds.
  path: Assets/Stylized Nature Environment/Terrain/mountain.FBX
  artifactKey: Guid(13f795b7732ab2f479601ab748af4249) Importer(2089858483,192608db42251d675da83286b1cce702)
Start importing Assets/Stylized Nature Environment/Terrain/mountain.FBX using Guid(13f795b7732ab2f479601ab748af4249) Importer(2089858483,192608db42251d675da83286b1cce702) (ScriptedImporter) -> (artifact id: 'c2cfa3733884810ba94ba08266257bcf') in 0.09619 seconds
Number of updated asset objects reloaded before import = 0Number of asset objects unloaded after import = 8

========================================================================
Received Import Request.
  Time since last request: 0.000023 seconds.
  path: Assets/Stylized Nature Environment/Textures/ground_a_normal.psd
  artifactKey: Guid(1b545f5e15dc8744389cc31f850159fb) Importer(2089858483,192608db42251d675da83286b1cce702)
Start importing Assets/Stylized Nature Environment/Textures/ground_a_normal.psd using Guid(1b545f5e15dc8744389cc31f850159fb) Importer(2089858483,192608db42251d675da83286b1cce702) (ScriptedImporter) -> (artifact id: 'b406981bc008ac10922cfc8700fa77a0') in 0.0279799 seconds
Number of updated asset objects reloaded before import = 0Number of asset objects unloaded after import = 1

========================================================================
Received Import Request.
  Time since last request: 0.000016 seconds.
  path: Assets/Stylized Nature Environment/Nature/tree_d.fbx
  artifactKey: Guid(0bd72e5f4b05a474496b3d6e952adbf8) Importer(2089858483,192608db42251d675da83286b1cce702)
Start importing Assets/Stylized Nature Environment/Nature/tree_d.fbx using Guid(0bd72e5f4b05a474496b3d6e952adbf8) Importer(2089858483,192608db42251d675da83286b1cce702) (ScriptedImporter) -> (artifact id: '1aa4e9c303a309e394a349bc5e4c35f7') in 0.3651051 seconds
Number of updated asset objects reloaded before import = 0Number of asset objects unloaded after import = 9

========================================================================
Received Import Request.
  Time since last request: 0.000017 seconds.
  path: Assets/Stylized Nature Environment/Nature/tree_i.fbx
  artifactKey: Guid(679834144b39ebb49bfc8566678cec1b) Importer(2089858483,192608db42251d675da83286b1cce702)
Start importing Assets/Stylized Nature Environment/Nature/tree_i.fbx using Guid(679834144b39ebb49bfc8566678cec1b) Importer(2089858483,192608db42251d675da83286b1cce702) (ScriptedImporter) -> (artifact id: '8b4aa4a83f9d31e9af78cc04e5925ec0') in 0.1347083 seconds
Number of updated asset objects reloaded before import = 0Number of asset objects unloaded after import = 9

========================================================================
Received Import Request.
  Time since last request: 0.000021 seconds.
  path: Assets/Stylized Nature Environment/Nature/foliage02.psd
  artifactKey: Guid(0926a7c3dcfd7de44bf3ddd000f5b798) Importer(2089858483,192608db42251d675da83286b1cce702)
Start importing Assets/Stylized Nature Environment/Nature/foliage02.psd using Guid(0926a7c3dcfd7de44bf3ddd000f5b798) Importer(2089858483,192608db42251d675da83286b1cce702) (ScriptedImporter) -> (artifact id: '531313422d2ce0ff67be54b6d6b808c8') in 0.1110765 seconds
Number of updated asset objects reloaded before import = 0Number of asset objects unloaded after import = 1

========================================================================
Received Import Request.
  Time since last request: 0.000014 seconds.
  path: Assets/Stylized Nature Environment/Prefabs/tree_g.prefab
  artifactKey: Guid(f8244925291293049a4f9db693e9e395) Importer(2089858483,192608db42251d675da83286b1cce702)
Start importing Assets/Stylized Nature Environment/Prefabs/tree_g.prefab using Guid(f8244925291293049a4f9db693e9e395) Importer(2089858483,192608db42251d675da83286b1cce702) (ScriptedImporter) -> (artifact id: '90ce767d73e7d2a54a3928cca6d25561') in 0.1287042 seconds
Number of updated asset objects reloaded before import = 0Number of asset objects unloaded after import = 9

========================================================================
Received Import Request.
  Time since last request: 0.000035 seconds.
  path: Assets/Stylized Nature Environment/PostProcessing Sample
  artifactKey: Guid(5dd25524ab0c26d4c9689e7922eb5bf8) Importer(2089858483,192608db42251d675da83286b1cce702)
Start importing Assets/Stylized Nature Environment/PostProcessing Sample using Guid(5dd25524ab0c26d4c9689e7922eb5bf8) Importer(2089858483,192608db42251d675da83286b1cce702) (ScriptedImporter) -> (artifact id: 'f91b1def93fb753010dae44c57db8ab5') in 0.0109107 seconds
Number of updated asset objects reloaded before import = 0Number of asset objects unloaded after import = 1

========================================================================
Received Import Request.
  Time since last request: 0.000017 seconds.
  path: Assets/Stylized Nature Environment/Prefabs/tree_e.prefab
  artifactKey: Guid(4c19e7fac9429a743b3a44dab80d5829) Importer(2089858483,192608db42251d675da83286b1cce702)
Start importing Assets/Stylized Nature Environment/Prefabs/tree_e.prefab using Guid(4c19e7fac9429a743b3a44dab80d5829) Importer(2089858483,192608db42251d675da83286b1cce702) (ScriptedImporter) -> (artifact id: 'ff6b3bf62bc786e52fae21ae055cd6dc') in 0.2427054 seconds
Number of updated asset objects reloaded before import = 0Number of asset objects unloaded after import = 9

========================================================================
Received Import Request.
  Time since last request: 0.000015 seconds.
  path: Assets/Stylized Nature Environment/Prefabs/tree_d.prefab
  artifactKey: Guid(234f6fb2a7141ac4babed013ec52d294) Importer(2089858483,192608db42251d675da83286b1cce702)
Start importing Assets/Stylized Nature Environment/Prefabs/tree_d.prefab using Guid(234f6fb2a7141ac4babed013ec52d294) Importer(2089858483,192608db42251d675da83286b1cce702) (ScriptedImporter) -> (artifact id: '7c313450a866f953e01eef1470a763aa') in 0.4465003 seconds
Number of updated asset objects reloaded before import = 0Number of asset objects unloaded after import = 9

========================================================================
Received Import Request.
  Time since last request: 0.000024 seconds.
  path: Assets/Stylized Nature Environment/Prefabs/tree_c.prefab
  artifactKey: Guid(2dec588a435420f4589914de23d120f5) Importer(2089858483,192608db42251d675da83286b1cce702)
Start importing Assets/Stylized Nature Environment/Prefabs/tree_c.prefab using Guid(2dec588a435420f4589914de23d120f5) Importer(2089858483,192608db42251d675da83286b1cce702) (ScriptedImporter) -> (artifact id: 'd3eff855a7f4b413d6a1ed91bc385d0a') in 0.0130192 seconds
Number of updated asset objects reloaded before import = 0Number of asset objects unloaded after import = 9

========================================================================
Received Import Request.
  Time since last request: 0.000018 seconds.
  path: Assets/Stylized Nature Environment/Scene
  artifactKey: Guid(c0f96688f2c40064eae116cbc7308b3e) Importer(2089858483,192608db42251d675da83286b1cce702)
Start importing Assets/Stylized Nature Environment/Scene using Guid(c0f96688f2c40064eae116cbc7308b3e) Importer(2089858483,192608db42251d675da83286b1cce702) (ScriptedImporter) -> (artifact id: 'a2de4dccd33e7ad0c3f6c0bd8fc19648') in 0.066591 seconds
Number of updated asset objects reloaded before import = 0Number of asset objects unloaded after import = 1

========================================================================
Received Import Request.
  Time since last request: 0.000023 seconds.
  path: Assets/Stylized Nature Environment/Terrain/Materials
  artifactKey: Guid(1301d5b8947fc5c469d795160b8ae1b7) Importer(2089858483,192608db42251d675da83286b1cce702)
Start importing Assets/Stylized Nature Environment/Terrain/Materials using Guid(1301d5b8947fc5c469d795160b8ae1b7) Importer(2089858483,192608db42251d675da83286b1cce702) (ScriptedImporter) -> (artifact id: 'a84c051623c916c0d65f83c52bfd9596') in 0.283217 seconds
Number of updated asset objects reloaded before import = 0Number of asset objects unloaded after import = 1

========================================================================
Received Import Request.
  Time since last request: 0.000021 seconds.
  path: Assets/Stylized Nature Environment/Terrain/Materials/sky.mat
  artifactKey: Guid(2428d06d7a2314f429d86b01480b3db6) Importer(2089858483,192608db42251d675da83286b1cce702)
Start importing Assets/Stylized Nature Environment/Terrain/Materials/sky.mat using Guid(2428d06d7a2314f429d86b01480b3db6) Importer(2089858483,192608db42251d675da83286b1cce702) (ScriptedImporter) -> (artifact id: '63e2ea9b82a5afeca4b4904a7f09929b') in 0.0983026 seconds
Number of updated asset objects reloaded before import = 0Number of asset objects unloaded after import = 2

========================================================================
Received Import Request.
  Time since last request: 0.000023 seconds.
  path: Assets/Stylized Nature Environment/Nature/Materials
  artifactKey: Guid(e745e61f941810e40bb716421153e4ad) Importer(2089858483,192608db42251d675da83286b1cce702)
Start importing Assets/Stylized Nature Environment/Nature/Materials using Guid(e745e61f941810e40bb716421153e4ad) Importer(2089858483,192608db42251d675da83286b1cce702) (ScriptedImporter) -> (artifact id: 'f1af1ab0897f1355dd34a6e9413795f1') in 0.0657958 seconds
Number of updated asset objects reloaded before import = 0Number of asset objects unloaded after import = 1

========================================================================
Received Import Request.
  Time since last request: 0.000015 seconds.
  path: Assets/Stylized Nature Environment/Nature/tree_b.fbx
  artifactKey: Guid(9d4e7a78f889a844ca0d91916d92beb6) Importer(2089858483,192608db42251d675da83286b1cce702)
Start importing Assets/Stylized Nature Environment/Nature/tree_b.fbx using Guid(9d4e7a78f889a844ca0d91916d92beb6) Importer(2089858483,192608db42251d675da83286b1cce702) (ScriptedImporter) -> (artifact id: '9215d554c98b42b9894e45cb05c1bb49') in 0.0204348 seconds
Number of updated asset objects reloaded before import = 0Number of asset objects unloaded after import = 9

========================================================================
Received Import Request.
  Time since last request: 0.000017 seconds.
  path: Assets/Stylized Nature Environment/Nature/tree_k.fbx
  artifactKey: Guid(f9f7079375b9f594cbb8e49da61fc719) Importer(2089858483,192608db42251d675da83286b1cce702)
Start importing Assets/Stylized Nature Environment/Nature/tree_k.fbx using Guid(f9f7079375b9f594cbb8e49da61fc719) Importer(2089858483,192608db42251d675da83286b1cce702) (ScriptedImporter) -> (artifact id: '12f0ae6c8efa99edb711324864cd0ad3') in 0.0174754 seconds
Number of updated asset objects reloaded before import = 0Number of asset objects unloaded after import = 9

========================================================================
Received Import Request.
  Time since last request: 0.000016 seconds.
  path: Assets/Stylized Nature Environment/Nature/grass03.PSD
  artifactKey: Guid(231de24365ebaa94babdcd1ee8b1ce1a) Importer(2089858483,192608db42251d675da83286b1cce702)
Start importing Assets/Stylized Nature Environment/Nature/grass03.PSD using Guid(231de24365ebaa94babdcd1ee8b1ce1a) Importer(2089858483,192608db42251d675da83286b1cce702) (ScriptedImporter) -> (artifact id: '0d9dae9aac4f5c6df633788876598aa9') in 0.0273686 seconds
Number of updated asset objects reloaded before import = 0Number of asset objects unloaded after import = 1

========================================================================
Received Import Request.
  Time since last request: 0.000026 seconds.
  path: Assets/Stylized Nature Environment/Textures/mountain_normals.psd
  artifactKey: Guid(278ec6bcf4a478d4da8c6b06de57c0ef) Importer(2089858483,192608db42251d675da83286b1cce702)
Start importing Assets/Stylized Nature Environment/Textures/mountain_normals.psd using Guid(278ec6bcf4a478d4da8c6b06de57c0ef) Importer(2089858483,192608db42251d675da83286b1cce702) (ScriptedImporter) -> (artifact id: '295dccb26055f40b74b10b82fb2543fd') in 0.019932 seconds
Number of updated asset objects reloaded before import = 0Number of asset objects unloaded after import = 1

========================================================================
Received Import Request.
  Time since last request: 0.000014 seconds.
  path: Assets/Stylized Nature Environment/Textures/sky.png
  artifactKey: Guid(0962663d58acc8647946cab10746e086) Importer(2089858483,192608db42251d675da83286b1cce702)
Start importing Assets/Stylized Nature Environment/Textures/sky.png using Guid(0962663d58acc8647946cab10746e086) Importer(2089858483,192608db42251d675da83286b1cce702) (ScriptedImporter) -> (artifact id: 'f69795a3b11c74f2bebbc45dc740e458') in 0.0174655 seconds
Number of updated asset objects reloaded before import = 0Number of asset objects unloaded after import = 1

========================================================================
Received Import Request.
  Time since last request: 0.000015 seconds.
  path: Assets/Stylized Nature Environment/Nature/foliage04.psd
  artifactKey: Guid(57bf64a50bfaddf4f934b7ebb7a6ae79) Importer(2089858483,192608db42251d675da83286b1cce702)
Start importing Assets/Stylized Nature Environment/Nature/foliage04.psd using Guid(57bf64a50bfaddf4f934b7ebb7a6ae79) Importer(2089858483,192608db42251d675da83286b1cce702) (ScriptedImporter) -> (artifact id: '78825d416e3dcb04e13fb8ca0568ffad') in 0.2710901 seconds
Number of updated asset objects reloaded before import = 0Number of asset objects unloaded after import = 1

========================================================================
Received Import Request.
  Time since last request: 0.000017 seconds.
  path: Assets/Stylized Nature Environment/PostProcessing Sample/Post-Processing Profile - Spring.asset
  artifactKey: Guid(a28b07d26b56b3b4e9156f194a72312c) Importer(2089858483,192608db42251d675da83286b1cce702)
Start importing Assets/Stylized Nature Environment/PostProcessing Sample/Post-Processing Profile - Spring.asset using Guid(a28b07d26b56b3b4e9156f194a72312c) Importer(2089858483,192608db42251d675da83286b1cce702) (ScriptedImporter) -> (artifact id: 'f26cb8e0b81aea56da9d46901b06ae4b') in 0.0320843 seconds
Number of updated asset objects reloaded before import = 0Number of asset objects unloaded after import = 1

========================================================================
Received Import Request.
  Time since last request: 0.000020 seconds.
  path: Assets/Stylized Nature Environment/Nature/tree_c.fbx
  artifactKey: Guid(b2fbf33844166f447875af48fb38d3dc) Importer(2089858483,192608db42251d675da83286b1cce702)
Start importing Assets/Stylized Nature Environment/Nature/tree_c.fbx using Guid(b2fbf33844166f447875af48fb38d3dc) Importer(2089858483,192608db42251d675da83286b1cce702) (ScriptedImporter) -> (artifact id: 'b8b7cb8e865f278c63df0d75a46e7ab0') in 0.0986708 seconds
Number of updated asset objects reloaded before import = 0Number of asset objects unloaded after import = 9

========================================================================
Received Import Request.
  Time since last request: 0.000019 seconds.
  path: Assets/Stylized Nature Environment/ReadMe.txt
  artifactKey: Guid(7b16a47f17e798a4188665dc9cf0841e) Importer(2089858483,192608db42251d675da83286b1cce702)
Start importing Assets/Stylized Nature Environment/ReadMe.txt using Guid(7b16a47f17e798a4188665dc9cf0841e) Importer(2089858483,192608db42251d675da83286b1cce702) (ScriptedImporter) -> (artifact id: '27056315669aa2fd694acf51e1f80892') in 0.0119668 seconds
Number of updated asset objects reloaded before import = 0Number of asset objects unloaded after import = 1

========================================================================
Received Import Request.
  Time since last request: 0.000024 seconds.
  path: Assets/Stylized Nature Environment/Nature/tree_a.fbx
  artifactKey: Guid(d2bbfb4d2d8d8c549bbfc553b28464c4) Importer(2089858483,192608db42251d675da83286b1cce702)
Start importing Assets/Stylized Nature Environment/Nature/tree_a.fbx using Guid(d2bbfb4d2d8d8c549bbfc553b28464c4) Importer(2089858483,192608db42251d675da83286b1cce702) (ScriptedImporter) -> (artifact id: '35e188054a54070a75b01a743da85855') in 0.0386259 seconds
Number of updated asset objects reloaded before import = 0Number of asset objects unloaded after import = 9

========================================================================
Received Import Request.
  Time since last request: 0.000015 seconds.
  path: Assets/Stylized Nature Environment/Nature/Materials/branch_tex.mat
  artifactKey: Guid(b8e82f7625bc35e45bc5d380532fa087) Importer(2089858483,192608db42251d675da83286b1cce702)
Start importing Assets/Stylized Nature Environment/Nature/Materials/branch_tex.mat using Guid(b8e82f7625bc35e45bc5d380532fa087) Importer(2089858483,192608db42251d675da83286b1cce702) (ScriptedImporter) -> (artifact id: '30396e062e8596f6592acdc385b80382') in 0.163409 seconds
Number of updated asset objects reloaded before import = 0Number of asset objects unloaded after import = 2

========================================================================
Received Import Request.
  Time since last request: 0.000024 seconds.
  path: Assets/Stylized Nature Environment/Nature/grass01.PSD
  artifactKey: Guid(98f1bb9bb34e89c4b86b5c20db33d56f) Importer(2089858483,192608db42251d675da83286b1cce702)
Start importing Assets/Stylized Nature Environment/Nature/grass01.PSD using Guid(98f1bb9bb34e89c4b86b5c20db33d56f) Importer(2089858483,192608db42251d675da83286b1cce702) (ScriptedImporter) -> (artifact id: 'ad825de994b24df1b4cf423d63902dc4') in 0.1153389 seconds
Number of updated asset objects reloaded before import = 0Number of asset objects unloaded after import = 1

========================================================================
Received Import Request.
  Time since last request: 0.000015 seconds.
  path: Assets/Stylized Nature Environment/Nature
  artifactKey: Guid(1ce510fc135a3e64798ec94c7b6bbb5a) Importer(2089858483,192608db42251d675da83286b1cce702)
Start importing Assets/Stylized Nature Environment/Nature using Guid(1ce510fc135a3e64798ec94c7b6bbb5a) Importer(2089858483,192608db42251d675da83286b1cce702) (ScriptedImporter) -> (artifact id: '986398c6313c354341afaa3a2266771a') in 0.0626121 seconds
Number of updated asset objects reloaded before import = 0Number of asset objects unloaded after import = 1

========================================================================
Received Import Request.
  Time since last request: 0.000021 seconds.
  path: Assets/Stylized Nature Environment/Scene/scenarioSettings.lighting
  artifactKey: Guid(024d7c5761c5b414fac932fa6de13cd8) Importer(2089858483,192608db42251d675da83286b1cce702)
Start importing Assets/Stylized Nature Environment/Scene/scenarioSettings.lighting using Guid(024d7c5761c5b414fac932fa6de13cd8) Importer(2089858483,192608db42251d675da83286b1cce702) (ScriptedImporter) -> (artifact id: '9df1bf30e1b93953b4fd4095199dbaea') in 0.0199615 seconds
Number of updated asset objects reloaded before import = 0Number of asset objects unloaded after import = 1

========================================================================
Received Import Request.
  Time since last request: 0.000016 seconds.
  path: Assets/Stylized Nature Environment/_TerrainAutoUpgrade/layer_ground_aground_a_normald261c09ae55ba1e3.terrainlayer
  artifactKey: Guid(3c2d9d26f6e47c34ea4fcfae109ee711) Importer(2089858483,192608db42251d675da83286b1cce702)
Start importing Assets/Stylized Nature Environment/_TerrainAutoUpgrade/layer_ground_aground_a_normald261c09ae55ba1e3.terrainlayer using Guid(3c2d9d26f6e47c34ea4fcfae109ee711) Importer(2089858483,192608db42251d675da83286b1cce702) (ScriptedImporter) -> (artifact id: '3713742f9bdb0dfc9da3761029572636') in 0.063711 seconds
Number of updated asset objects reloaded before import = 0Number of asset objects unloaded after import = 3

========================================================================
Received Import Request.
  Time since last request: 0.000027 seconds.
  path: Assets/Stylized Nature Environment/Terrain/terrain_height_sample.raw
  artifactKey: Guid(c8eb43c8aba5d6542a70cd654944b973) Importer(2089858483,192608db42251d675da83286b1cce702)
Start importing Assets/Stylized Nature Environment/Terrain/terrain_height_sample.raw using Guid(c8eb43c8aba5d6542a70cd654944b973) Importer(2089858483,192608db42251d675da83286b1cce702) (ScriptedImporter) -> (artifact id: '50ace4f317513726540b491d2180917e') in 0.0096048 seconds
Number of updated asset objects reloaded before import = 0Number of asset objects unloaded after import = 1

========================================================================
Received Import Request.
  Time since last request: 0.000019 seconds.
  path: Assets/Stylized Nature Environment/Textures
  artifactKey: Guid(6d457a48ef307cc42a8311c84bf93574) Importer(2089858483,192608db42251d675da83286b1cce702)
Start importing Assets/Stylized Nature Environment/Textures using Guid(6d457a48ef307cc42a8311c84bf93574) Importer(2089858483,192608db42251d675da83286b1cce702) (ScriptedImporter) -> (artifact id: 'e9bb9950e8b677ddb6ac27072efbd4f1') in 0.0313162 seconds
Number of updated asset objects reloaded before import = 0Number of asset objects unloaded after import = 1

========================================================================
Received Import Request.
  Time since last request: 0.000016 seconds.
  path: Assets/Stylized Nature Environment/Prefabs/tree_h.prefab
  artifactKey: Guid(cc73d15ad10bfb04bb62d40a852cec0a) Importer(2089858483,192608db42251d675da83286b1cce702)
Start importing Assets/Stylized Nature Environment/Prefabs/tree_h.prefab using Guid(cc73d15ad10bfb04bb62d40a852cec0a) Importer(2089858483,192608db42251d675da83286b1cce702) (ScriptedImporter) -> (artifact id: '7af5c5a88f8cd74d73b3036fa18c4562') in 0.0331355 seconds
Number of updated asset objects reloaded before import = 0Number of asset objects unloaded after import = 9

========================================================================
Received Prepare
Begin MonoManager ReloadAssembly
- Loaded All Assemblies, in  0.811 seconds
Refreshing native plugins compatible for Editor in 1.05 ms, found 3 plugins.
Native extension for iOS target not found
Native extension for Android target not found
Native extension for WindowsStandalone target not found
Native extension for WebGL target not found
Mono: successfully reloaded assembly
- Finished resetting the current domain, in  0.824 seconds
Domain Reload Profiling: 1635ms
	BeginReloadAssembly (254ms)
		ExecutionOrderSort (0ms)
		DisableScriptedObjects (7ms)
		BackupInstance (0ms)
		ReleaseScriptingObjects (0ms)
		CreateAndSetChildDomain (82ms)
	RebuildCommonClasses (43ms)
	RebuildNativeTypeToScriptingClass (21ms)
	initialDomainReloadingComplete (33ms)
	LoadAllAssembliesAndSetupDomain (459ms)
		LoadAssemblies (357ms)
		RebuildTransferFunctionScriptingTraits (0ms)
		AnalyzeDomain (215ms)
			TypeCache.Refresh (10ms)
				TypeCache.ScanAssembly (0ms)
			BuildScriptInfoCaches (190ms)
			ResolveRequiredComponents (11ms)
	FinalizeReload (825ms)
		ReleaseScriptCaches (0ms)
		RebuildScriptCaches (0ms)
		SetupLoadedEditorAssemblies (560ms)
			LogAssemblyErrors (0ms)
			InitializePlatformSupportModulesInManaged (20ms)
			SetLoadedEditorAssemblies (6ms)
			BeforeProcessingInitializeOnLoad (118ms)
			ProcessInitializeOnLoadAttributes (350ms)
			ProcessInitializeOnLoadMethodAttributes (57ms)
			AfterProcessingInitializeOnLoad (8ms)
			EditorAssembliesLoaded (0ms)
		ExecutionOrderSort2 (0ms)
		AwakeInstancesAfterBackupRestoration (14ms)
Refreshing native plugins compatible for Editor in 0.92 ms, found 3 plugins.
Preloading 0 native plugins for Editor in 0.00 ms.
Unloading 45 Unused Serialized files (Serialized files now loaded: 0)
Unloading 5965 unused Assets / (7.0 MB). Loaded Objects now: 6635.
Memory consumption went from 148.7 MB to 141.7 MB.
Total: 11.304700 ms (FindLiveObjects: 0.728500 ms CreateObjectMapping: 1.086800 ms MarkObjects: 5.214600 ms  DeleteObjects: 4.273300 ms)

Prepare: number of updated asset objects reloaded= 0
Editor requested this worker to shutdown with reason: Scaling down because of idle timeout
AssetImportWorker is now disconnected from the server
Process exiting
Exiting without the bug reporter. Application will terminate with return code 0